<?xml version="1.0" encoding="UTF-8"?>
<testsuite xmlns:xsi="http://www.w3.org/2001/XMLSchema-instance" xsi:noNamespaceSchemaLocation="https://maven.apache.org/surefire/maven-surefire-plugin/xsd/surefire-test-report-3.0.xsd" version="3.0" name="tech.buildrun.deploy.DeployApplicationTests" time="8.948" tests="1" errors="0" skipped="0" failures="0">
  <properties>
[...]
</properties>
  <testcase name="contextLoads" classname="tech.buildrun.deploy.DeployApplicationTests" time="3.732">
    <system-out><![CDATA[10:46:33.285 [main] INFO org.springframework.test.context.support.AnnotationConfigContextLoaderUtils -- Could not detect default configuration classes for test class [tech.buildrun.deploy.DeployApplicationTests]: DeployApplicationTests does not declare any static, non-private, non-final, nested classes annotated with @Configuration.
10:46:33.610 [main] INFO org.springframework.boot.test.context.SpringBootTestContextBootstrapper -- Found @SpringBootConfiguration tech.buildrun.deploy.DeployApplication for test class tech.buildrun.deploy.DeployApplicationTests
  .   ____          _            __ _ _
 /\\ / ___'_ __ _ _(_)_ __  __ _ \ \ \ \
( ( )\___ | '_ | '_| | '_ \/ _` | \ \ \ \
 \\/  ___)| |_)| | | | | || (_| |  ) ) ) )
  '  |____| .__|_| |_|_| |_\__, | / / / /
 =========|_|==============|___/=/_/_/_/

 :: Spring Boot ::                (v3.3.0)

2024-06-03T10:46:34.904-03:00  INFO 17260 --- [deploy] [           main] t.b.deploy.DeployApplicationTests        : Starting DeployApplicationTests using Java 22.0.1 with PID 17260 (started by dyane in C:\Users\dyane\terraform\app)
2024-06-03T10:46:34.908-03:00  INFO 17260 --- [deploy] [           main] t.b.deploy.DeployApplicationTests        : No active profile set, falling back to 1 default profile: "default"
2024-06-03T10:46:37.754-03:00  INFO 17260 --- [deploy] [           main] t.b.deploy.DeployApplicationTests        : Started DeployApplicationTests in 3.727 seconds (process running for 7.484)
]]></system-out>
    <system-err><![CDATA[WARNING: A Java agent has been loaded dynamically (C:\Users\dyane\.m2\repository\net\bytebuddy\byte-buddy-agent\1.14.16\byte-buddy-agent-1.14.16.jar)
WARNING: If a serviceability tool is in use, please run with -XX:+EnableDynamicAgentLoading to hide this warning
WARNING: If a serviceability tool is not in use, please run with -Djdk.instrument.traceUsage for more information
WARNING: Dynamic loading of agents will be disallowed by default in a future release
]]></system-err>
  </testcase>
</testsuite>